<?xml version="1.0" encoding="UTF-8"?>
<!-- Generated by org.testng.reporters.JUnitReportReporter -->
<testsuite hostname="L-INE-D7NSYZ2" failures="0" tests="3" name="com.selenium.sample.Annotation2" time="9.933" errors="0" timestamp="2023-09-04T17:10:43 IST" skipped="0">
  <testcase classname="com.selenium.sample.Annotation2" name="f3" time="4.494"/>
  <testcase classname="com.selenium.sample.Annotation2" name="f2" time="3.412"/>
  <testcase classname="com.selenium.sample.Annotation2" name="f" time="2.027"/>
</testsuite> <!-- com.selenium.sample.Annotation2 -->
