<?xml version="1.0" encoding="UTF-8"?>
<!-- Generated by org.testng.reporters.JUnitReportReporter -->
<testsuite hostname="L-INE-D7NSYZ2" failures="0" tests="2" name="Testng3" time="5.696" errors="0" timestamp="2023-09-04T12:07:13 IST" skipped="0">
  <testcase classname="Testng3" name="f" time="1.578"/>
  <testcase classname="Testng3" name="f2" time="4.118"/>
</testsuite> <!-- Testng3 -->
