<?xml version="1.0" encoding="UTF-8"?>
<!-- Generated by org.testng.reporters.JUnitReportReporter -->
<testsuite hostname="L-INE-D7NSYZ2" failures="0" tests="1" name="com.selenium.sample.DemoAssert" time="11.557" errors="0" timestamp="2023-09-04T16:21:57 IST" skipped="0">
  <testcase classname="com.selenium.sample.DemoAssert" name="f" time="11.557"/>
</testsuite> <!-- com.selenium.sample.DemoAssert -->
