<?xml version="1.0" encoding="UTF-8"?>
<!-- Generated by org.testng.reporters.JUnitReportReporter -->
<testsuite hostname="L-INE-D7NSYZ2" failures="0" tests="1" name="com.selenium.sample.TestforClass" time="3.433" errors="0" timestamp="2023-09-04T12:52:57 IST" skipped="0">
  <testcase classname="com.selenium.sample.TestforClass" name="f" time="3.433"/>
</testsuite> <!-- com.selenium.sample.TestforClass -->
