<?xml version="1.0" encoding="UTF-8"?>
<!-- Generated by org.testng.reporters.JUnitReportReporter -->
<testsuite hostname="L-INE-D7NSYZ2" failures="0" tests="1" name="com.day12.ParameterDemo" time="0.011" errors="0" timestamp="2023-09-05T12:05:17 IST" skipped="0">
  <testcase classname="com.day12.ParameterDemo" name="sum" time="0.011"/>
</testsuite> <!-- com.day12.ParameterDemo -->
