<?xml version="1.0" encoding="UTF-8"?>
<!-- Generated by org.testng.reporters.JUnitReportReporter -->
<testsuite hostname="L-INE-D7NSYZ2" failures="0" tests="3" name="com.day12.GroupDemo" time="0.010" errors="0" timestamp="2023-09-05T10:48:15 IST" skipped="0">
  <testcase classname="com.day12.GroupDemo" name="testMethod1ForGroupA" time="0.001"/>
  <testcase classname="com.day12.GroupDemo" name="tes2Method1ForGroupA" time="0.008"/>
  <testcase classname="com.day12.GroupDemo" name="dependsOnGroupA" time="0.001"/>
</testsuite> <!-- com.day12.GroupDemo -->
