<?xml version="1.0" encoding="UTF-8"?>
<!-- Generated by org.testng.reporters.JUnitReportReporter -->
<testsuite hostname="L-INE-D7NSYZ2" failures="0" tests="2" name="com.selenium.sample.Annotation1" time="7.807" errors="0" timestamp="2023-09-04T12:52:57 IST" skipped="0">
  <testcase classname="com.selenium.sample.Annotation1" name="f" time="5.315"/>
  <testcase classname="com.selenium.sample.Annotation1" name="f2" time="2.492"/>
</testsuite> <!-- com.selenium.sample.Annotation1 -->
