<?xml version="1.0" encoding="UTF-8"?>
<!-- Generated by org.testng.reporters.JUnitReportReporter -->
<testsuite hostname="L-INE-D7NSYZ2" failures="0" tests="4" name="com.day12.GroupDemo2" time="5.102" errors="0" timestamp="2023-09-05T11:14:25 IST" skipped="0">
  <testcase classname="com.day12.GroupDemo2" name="f3" time="0.075"/>
  <testcase classname="com.day12.GroupDemo2" name="f1" time="4.486"/>
  <testcase classname="com.day12.GroupDemo2" name="f4" time="0.250"/>
  <testcase classname="com.day12.GroupDemo2" name="f2" time="0.291"/>
</testsuite> <!-- com.day12.GroupDemo2 -->
