<?xml version="1.0" encoding="UTF-8"?>
<!-- Generated by org.testng.reporters.JUnitReportReporter -->
<testsuite hostname="L-INE-D7NSYZ2" failures="0" tests="2" name="com.selenium.day11.Annotation1" time="9.492" errors="0" timestamp="2023-09-05T10:50:20 IST" skipped="0">
  <testcase classname="com.selenium.day11.Annotation1" name="f2" time="2.281"/>
  <testcase classname="com.selenium.day11.Annotation1" name="f" time="7.211"/>
</testsuite> <!-- com.selenium.day11.Annotation1 -->
