<?xml version="1.0" encoding="UTF-8"?>
<!-- Generated by org.testng.reporters.JUnitReportReporter -->
<testsuite hostname="L-INE-D7NSYZ2" failures="0" tests="2" name="Testng1" time="6.777" errors="0" timestamp="2023-09-04T10:55:44 IST" skipped="0">
  <testcase classname="Testng1" name="f2" time="2.041"/>
  <testcase classname="Testng1" name="f" time="4.736"/>
</testsuite> <!-- Testng1 -->
